<?xml version="1.0" encoding="UTF-8"?>
<testsuite xmlns:xsi="http://www.w3.org/2001/XMLSchema-instance" xsi:noNamespaceSchemaLocation="https://maven.apache.org/surefire/maven-surefire-plugin/xsd/surefire-test-report-3.0.xsd" version="3.0" name="com.example.rrr.DemoApplicationTests" time="5.93" tests="1" errors="0" skipped="0" failures="0">
  <properties>
[...]
</properties>
  <testcase name="contextLoads" classname="com.example.rrr.DemoApplicationTests" time="0.594">
    <system-out><![CDATA[13:38:39.099 [main] INFO org.springframework.test.context.support.AnnotationConfigContextLoaderUtils -- Could not detect default configuration classes for test class [com.example.rrr.DemoApplicationTests]: DemoApplicationTests does not declare any static, non-private, non-final, nested classes annotated with @Configuration.
13:38:39.219 [main] INFO org.springframework.boot.test.context.SpringBootTestContextBootstrapper -- Found @SpringBootConfiguration com.example.rrr.DemoApplication for test class com.example.rrr.DemoApplicationTests

  .   ____          _            __ _ _
 /\\ / ___'_ __ _ _(_)_ __  __ _ \ \ \ \
( ( )\___ | '_ | '_| | '_ \/ _` | \ \ \ \
 \\/  ___)| |_)| | | | | || (_| |  ) ) ) )
  '  |____| .__|_| |_|_| |_\__, | / / / /
 =========|_|==============|___/=/_/_/_/
 :: Spring Boot ::                (v3.2.5)

2026-06-25T13:38:39.656-04:00  INFO 7940 --- [demo] [           main] com.example.rrr.DemoApplicationTests     : Starting DemoApplicationTests using Java 21.0.10 with PID 7940 (started by tylerm in C:\Users\tylerm\IdeaProjects\demo)
2026-06-25T13:38:39.657-04:00  INFO 7940 --- [demo] [           main] com.example.rrr.DemoApplicationTests     : No active profile set, falling back to 1 default profile: "default"
2026-06-25T13:38:40.448-04:00  INFO 7940 --- [demo] [           main] .s.d.r.c.RepositoryConfigurationDelegate : Bootstrapping Spring Data JPA repositories in DEFAULT mode.
2026-06-25T13:38:40.634-04:00  INFO 7940 --- [demo] [           main] .s.d.r.c.RepositoryConfigurationDelegate : Finished Spring Data repository scanning in 176 ms. Found 5 JPA repository interfaces.
2026-06-25T13:38:41.165-04:00  INFO 7940 --- [demo] [           main] o.hibernate.jpa.internal.util.LogHelper  : HHH000204: Processing PersistenceUnitInfo [name: default]
2026-06-25T13:38:41.237-04:00  INFO 7940 --- [demo] [           main] org.hibernate.Version                    : HHH000412: Hibernate ORM core version 6.4.4.Final
2026-06-25T13:38:41.277-04:00  INFO 7940 --- [demo] [           main] o.h.c.internal.RegionFactoryInitiator    : HHH000026: Second-level cache disabled
2026-06-25T13:38:41.603-04:00  INFO 7940 --- [demo] [           main] o.s.o.j.p.SpringPersistenceUnitInfo      : No LoadTimeWeaver setup: ignoring JPA class transformer
2026-06-25T13:38:41.638-04:00  INFO 7940 --- [demo] [           main] com.zaxxer.hikari.HikariDataSource       : HikariPool-1 - Starting...
2026-06-25T13:38:41.848-04:00  INFO 7940 --- [demo] [           main] com.zaxxer.hikari.pool.HikariPool        : HikariPool-1 - Added connection conn0: url=jdbc:h2:mem:testdb user=SA
2026-06-25T13:38:41.850-04:00  INFO 7940 --- [demo] [           main] com.zaxxer.hikari.HikariDataSource       : HikariPool-1 - Start completed.
2026-06-25T13:38:41.880-04:00  WARN 7940 --- [demo] [           main] org.hibernate.orm.deprecation            : HHH90000025: H2Dialect does not need to be specified explicitly using 'hibernate.dialect' (remove the property setting and it will be selected by default)
2026-06-25T13:38:42.888-04:00  INFO 7940 --- [demo] [           main] o.h.e.t.j.p.i.JtaPlatformInitiator       : HHH000489: No JTA platform available (set 'hibernate.transaction.jta.platform' to enable JTA platform integration)
Hibernate: drop table if exists equipment cascade 
Hibernate: drop table if exists player_run_equipment cascade 
Hibernate: drop table if exists player_unlocked_equipment cascade 
Hibernate: drop table if exists players cascade 
Hibernate: drop table if exists runs cascade 
Hibernate: create table equipment (bladder_modifier float(53) not null, bowel_modifier float(53) not null, flat_defense integer not null, legendary boolean not null, required_arousal_tier integer not null, required_regression_tier integer not null, speed_modifier integer not null, unlock_cost integer not null, id bigint generated by default as identity, name varchar(255), type varchar(255) check (type in ('DIAPER','OUTFIT','ACCESSORY','LOCKING','FETISH_GEAR','LEGENDARY')), primary key (id))
Hibernate: create table player_run_equipment (equipment_id bigint, id bigint generated by default as identity, run_id bigint, primary key (id))
Hibernate: create table player_unlocked_equipment (equipment_id bigint, id bigint generated by default as identity, player_id bigint, unlocked_at timestamp(6), primary key (id))
Hibernate: create table players (arousal_points integer not null, bladder_base float(53) not null, bowel_base float(53) not null, coins integer not null, regression_points integer not null, total_deaths integer not null, created_at timestamp(6), id bigint generated by default as identity, version bigint, name varchar(255), primary key (id))
Hibernate: create table runs (active boolean not null, bladder_percent float(53) not null, bowel_percent float(53) not null, current_floor integer not null, humiliation integer not null, run_number integer not null, id bigint generated by default as identity, player_id bigint, started_at timestamp(6), version bigint, world_seed bigint not null, primary key (id))
Hibernate: alter table if exists player_run_equipment add constraint FK832efs5ww9b0stt7y724hoek7 foreign key (equipment_id) references equipment
Hibernate: alter table if exists player_run_equipment add constraint FK7v8yps4fgaantoa4q4hjofsji foreign key (run_id) references runs
Hibernate: alter table if exists player_unlocked_equipment add constraint FKh9pt2xfqfa4xar0ka3lrwoq42 foreign key (equipment_id) references equipment
Hibernate: alter table if exists player_unlocked_equipment add constraint FKgxo7mj52nwbddxlldfblx4bpx foreign key (player_id) references players
Hibernate: alter table if exists runs add constraint FKn9236q7scu0vfltr1g3tysaii foreign key (player_id) references players
2026-06-25T13:38:42.951-04:00  INFO 7940 --- [demo] [           main] j.LocalContainerEntityManagerFactoryBean : Initialized JPA EntityManagerFactory for persistence unit 'default'
2026-06-25T13:38:43.811-04:00  WARN 7940 --- [demo] [           main] JpaBaseConfiguration$JpaWebConfiguration : spring.jpa.open-in-view is enabled by default. Therefore, database queries may be performed during view rendering. Explicitly configure spring.jpa.open-in-view to disable this warning
2026-06-25T13:38:44.157-04:00  INFO 7940 --- [demo] [           main] o.s.b.a.h2.H2ConsoleAutoConfiguration    : H2 console available at '/h2-console'. Database available at 'jdbc:h2:mem:testdb'
2026-06-25T13:38:44.233-04:00  INFO 7940 --- [demo] [           main] com.example.rrr.DemoApplicationTests     : Started DemoApplicationTests in 4.855 seconds (process running for 5.953)
]]></system-out>
    <system-err><![CDATA[WARNING: A Java agent has been loaded dynamically (C:\Users\tylerm\.m2\repository\net\bytebuddy\byte-buddy-agent\1.14.13\byte-buddy-agent-1.14.13.jar)
WARNING: If a serviceability tool is in use, please run with -XX:+EnableDynamicAgentLoading to hide this warning
WARNING: If a serviceability tool is not in use, please run with -Djdk.instrument.traceUsage for more information
WARNING: Dynamic loading of agents will be disallowed by default in a future release
]]></system-err>
  </testcase>
</testsuite>